# JRE version: Java(TM) SE Runtime Environment (8.0_60-b27) (build 1.8.0_60-b27)
# Java VM: Java HotSpot(TM) 64-Bit Server VM (25.60-b23 mixed mode windows-amd64 compressed oops)
Heap:
 PSYoungGen      total 135680K, used 69725K [0x00000000eab00000, 0x00000000f3e00000, 0x0000000100000000)
  eden space 124928K, 47% used [0x00000000eab00000,0x00000000ee49eb18,0x00000000f2500000)
  from space 10752K, 99% used [0x00000000f2900000,0x00000000f3378a20,0x00000000f3380000)
  to   space 8704K, 0% used [0x00000000f3580000,0x00000000f3580000,0x00000000f3e00000)
 ParOldGen       total 102400K, used 20009K [0x00000000c0000000, 0x00000000c6400000, 0x00000000eab00000)
  object space 102400K, 19% used [0x00000000c0000000,0x00000000c138a7b8,0x00000000c6400000)
 Metaspace       used 44799K, capacity 45926K, committed 46080K, reserved 1089536K
  class space    used 6202K, capacity 6558K, committed 6656K, reserved 1048576K
GC Heap History (10 events):
Event: 7.601 GC heap before
{Heap before GC invocations=5 (full 1):
 PSYoungGen      total 76288K, used 65536K [0x00000000eab00000, 0x00000000f4000000, 0x0000000100000000)
  eden space 65536K, 100% used [0x00000000eab00000,0x00000000eeb00000,0x00000000eeb00000)
  from space 10752K, 0% used [0x00000000eeb00000,0x00000000eeb00000,0x00000000ef580000)
  to   space 10752K, 0% used [0x00000000f3580000,0x00000000f3580000,0x00000000f4000000)
 ParOldGen       total 79872K, used 6605K [0x00000000c0000000, 0x00000000c4e00000, 0x00000000eab00000)
  object space 79872K, 8% used [0x00000000c0000000,0x00000000c0673730,0x00000000c4e00000)
 Metaspace       used 27725K, capacity 28072K, committed 28288K, reserved 1073152K
  class space    used 3777K, capacity 3918K, committed 3968K, reserved 1048576K
Event: 7.614 GC heap after
Heap after GC invocations=5 (full 1):
 PSYoungGen      total 133632K, used 8464K [0x00000000eab00000, 0x00000000f3e00000, 0x0000000100000000)
  eden space 124928K, 0% used [0x00000000eab00000,0x00000000eab00000,0x00000000f2500000)
  from space 8704K, 97% used [0x00000000f3580000,0x00000000f3dc4318,0x00000000f3e00000)
  to   space 10752K, 0% used [0x00000000f2900000,0x00000000f2900000,0x00000000f3380000)
 ParOldGen       total 79872K, used 6613K [0x00000000c0000000, 0x00000000c4e00000, 0x00000000eab00000)
  object space 79872K, 8% used [0x00000000c0000000,0x00000000c0675730,0x00000000c4e00000)
 Metaspace       used 27725K, capacity 28072K, committed 28288K, reserved 1073152K
  class space    used 3777K, capacity 3918K, committed 3968K, reserved 1048576K
}
Event: 11.548 GC heap before
{Heap before GC invocations=6 (full 1):
 PSYoungGen      total 133632K, used 133392K [0x00000000eab00000, 0x00000000f3e00000, 0x0000000100000000)
  eden space 124928K, 100% used [0x00000000eab00000,0x00000000f2500000,0x00000000f2500000)
  from space 8704K, 97% used [0x00000000f3580000,0x00000000f3dc4318,0x00000000f3e00000)
  to   space 10752K, 0% used [0x00000000f2900000,0x00000000f2900000,0x00000000f3380000)
 ParOldGen       total 79872K, used 6613K [0x00000000c0000000, 0x00000000c4e00000, 0x00000000eab00000)
  object space 79872K, 8% used [0x00000000c0000000,0x00000000c0675730,0x00000000c4e00000)
 Metaspace       used 33814K, capacity 34296K, committed 34432K, reserved 1079296K
  class space    used 4762K, capacity 4897K, committed 4992K, reserved 1048576K
Event: 11.569 GC heap after
Heap after GC invocations=6 (full 1):
 PSYoungGen      total 135680K, used 10720K [0x00000000eab00000, 0x00000000f3e00000, 0x0000000100000000)
  eden space 124928K, 0% used [0x00000000eab00000,0x00000000eab00000,0x00000000f2500000)
  from space 10752K, 99% used [0x00000000f2900000,0x00000000f3378010,0x00000000f3380000)
  to   space 8704K, 0% used [0x00000000f3580000,0x00000000f3580000,0x00000000f3e00000)
 ParOldGen       total 79872K, used 10435K [0x00000000c0000000, 0x00000000c4e00000, 0x00000000eab00000)
  object space 79872K, 13% used [0x00000000c0000000,0x00000000c0a30cc8,0x00000000c4e00000)
 Metaspace       used 33814K, capacity 34296K, committed 34432K, reserved 1079296K
  class space    used 4762K, capacity 4897K, committed 4992K, reserved 1048576K
}
Event: 11.779 GC heap before
{Heap before GC invocations=7 (full 1):
 PSYoungGen      total 135680K, used 20574K [0x00000000eab00000, 0x00000000f3e00000, 0x0000000100000000)
  eden space 124928K, 7% used [0x00000000eab00000,0x00000000eb49fbd0,0x00000000f2500000)
  from space 10752K, 99% used [0x00000000f2900000,0x00000000f3378010,0x00000000f3380000)
  to   space 8704K, 0% used [0x00000000f3580000,0x00000000f3580000,0x00000000f3e00000)
 ParOldGen       total 79872K, used 10435K [0x00000000c0000000, 0x00000000c4e00000, 0x00000000eab00000)
  object space 79872K, 13% used [0x00000000c0000000,0x00000000c0a30cc8,0x00000000c4e00000)
 Metaspace       used 34761K, capacity 35288K, committed 35416K, reserved 1079296K
  class space    used 4828K, capacity 5013K, committed 5120K, reserved 1048576K
Event: 11.794 GC heap after
Heap after GC invocations=7 (full 1):
 PSYoungGen      total 133632K, used 8676K [0x00000000eab00000, 0x00000000f3e00000, 0x0000000100000000)
  eden space 124928K, 0% used [0x00000000eab00000,0x00000000eab00000,0x00000000f2500000)
  from space 8704K, 99% used [0x00000000f3580000,0x00000000f3df9030,0x00000000f3e00000)
  to   space 10752K, 0% used [0x00000000f2900000,0x00000000f2900000,0x00000000f3380000)
 ParOldGen       total 79872K, used 12430K [0x00000000c0000000, 0x00000000c4e00000, 0x00000000eab00000)
  object space 79872K, 15% used [0x00000000c0000000,0x00000000c0c23920,0x00000000c4e00000)
 Metaspace       used 34761K, capacity 35288K, committed 35416K, reserved 1079296K
  class space    used 4828K, capacity 5013K, committed 5120K, reserved 1048576K
}
Event: 11.794 GC heap before
{Heap before GC invocations=8 (full 2):
 PSYoungGen      total 133632K, used 8676K [0x00000000eab00000, 0x00000000f3e00000, 0x0000000100000000)
  eden space 124928K, 0% used [0x00000000eab00000,0x00000000eab00000,0x00000000f2500000)
  from space 8704K, 99% used [0x00000000f3580000,0x00000000f3df9030,0x00000000f3e00000)
  to   space 10752K, 0% used [0x00000000f2900000,0x00000000f2900000,0x00000000f3380000)
 ParOldGen       total 79872K, used 12430K [0x00000000c0000000, 0x00000000c4e00000, 0x00000000eab00000)
  object space 79872K, 15% used [0x00000000c0000000,0x00000000c0c23920,0x00000000c4e00000)
 Metaspace       used 34761K, capacity 35288K, committed 35416K, reserved 1079296K
  class space    used 4828K, capacity 5013K, committed 5120K, reserved 1048576K
Event: 11.878 GC heap after
Heap after GC invocations=8 (full 2):
 PSYoungGen      total 133632K, used 0K [0x00000000eab00000, 0x00000000f3e00000, 0x0000000100000000)
  eden space 124928K, 0% used [0x00000000eab00000,0x00000000eab00000,0x00000000f2500000)
  from space 8704K, 0% used [0x00000000f3580000,0x00000000f3580000,0x00000000f3e00000)
  to   space 10752K, 0% used [0x00000000f2900000,0x00000000f2900000,0x00000000f3380000)
 ParOldGen       total 102400K, used 16713K [0x00000000c0000000, 0x00000000c6400000, 0x00000000eab00000)
  object space 102400K, 16% used [0x00000000c0000000,0x00000000c1052690,0x00000000c6400000)
 Metaspace       used 34744K, capacity 35266K, committed 35416K, reserved 1079296K
  class space    used 4823K, capacity 5007K, committed 5120K, reserved 1048576K
}
Event: 16.447 GC heap before
{Heap before GC invocations=9 (full 2):
 PSYoungGen      total 133632K, used 124928K [0x00000000eab00000, 0x00000000f3e00000, 0x0000000100000000)
  eden space 124928K, 100% used [0x00000000eab00000,0x00000000f2500000,0x00000000f2500000)
  from space 8704K, 0% used [0x00000000f3580000,0x00000000f3580000,0x00000000f3e00000)
  to   space 10752K, 0% used [0x00000000f2900000,0x00000000f2900000,0x00000000f3380000)
 ParOldGen       total 102400K, used 16713K [0x00000000c0000000, 0x00000000c6400000, 0x00000000eab00000)
  object space 102400K, 16% used [0x00000000c0000000,0x00000000c1052690,0x00000000c6400000)
 Metaspace       used 43397K, capacity 44152K, committed 44416K, reserved 1087488K
  class space    used 5980K, capacity 6204K, committed 6272K, reserved 1048576K
Event: 16.488 GC heap after
Heap after GC invocations=9 (full 2):
 PSYoungGen      total 135680K, used 10722K [0x00000000eab00000, 0x00000000f3e00000, 0x0000000100000000)
  eden space 124928K, 0% used [0x00000000eab00000,0x00000000eab00000,0x00000000f2500000)
  from space 10752K, 99% used [0x00000000f2900000,0x00000000f3378a20,0x00000000f3380000)
  to   space 8704K, 0% used [0x00000000f3580000,0x00000000f3580000,0x00000000f3e00000)
 ParOldGen       total 102400K, used 20009K [0x00000000c0000000, 0x00000000c6400000, 0x00000000eab00000)
  object space 102400K, 19% used [0x00000000c0000000,0x00000000c138a7b8,0x00000000c6400000)
 Metaspace       used 43397K, capacity 44152K, committed 44416K, reserved 1087488K
  class space    used 5980K, capacity 6204K, committed 6272K, reserved 1048576K
}

